{"timestamp":"2026-06-16T01:13:57.244Z","slug":"instagram","payload":{"url":"https://www.instagram.com/reel/Ct7fFwMswb0/"}}
{"timestamp":"2026-06-16T01:14:39.033Z","slug":"instagram","payload":{"url":"https://www.instagram.com/p/DXeVdgKSiUu/"}}
{"timestamp":"2026-06-16T01:15:55.486Z","slug":"instagram","payload":{"url":"https://www.instagram.com/reel/Ct7fFwMswb0/"}}
{"timestamp":"2026-06-16T01:16:39.553Z","slug":"instagram","payload":{"url":"https://www.instagram.com/reel/Ct7fFwMswb0/"}}
{"timestamp":"2026-06-16T01:17:46.049Z","slug":"instagram","payload":{"url":"https://www.instagram.com/p/DXeVdgKSiUu/"}}
{"timestamp":"2026-06-16T01:17:56.073Z","slug":"tiktok","payload":{"url":"https://www.tiktok.com/@user120926095/video/7617763388051016981?is_from_webapp=1&sender_device=pc"}}
{"timestamp":"2026-06-16T01:24:25.275Z","slug":"test","payload":{"url":"https://www.instagram.com/p/DA_7l5pMRr7/"}}
{"timestamp":"2026-06-16T01:26:13.222Z","slug":"test","payload":{"url":"https://www.instagram.com/p/DXeVdgKSiUu/"}}
{"timestamp":"2026-06-16T01:26:17.962Z","slug":"test","payload":{"url":"https://www.instagram.com/p/DXeVdgKSiUu/"}}
{"timestamp":"2026-06-16T01:28:00.187Z","slug":"test","payload":{"url":"https://www.instagram.com/p/DA_7l5pMRr7/"}}
{"timestamp":"2026-06-16T01:28:35.818Z","slug":"test","payload":{"url":"https://www.instagram.com/p/DXeVdgKSiUu/"}}
{"timestamp":"2026-06-16T01:38:04.820Z","slug":"test","payload":{"url":"https://www.instagram.com/reel/C2F6W4vM1b5/"}}
{"timestamp":"2026-06-16T01:38:12.145Z","slug":"test","payload":{"url":"https://www.instagram.com/reel/C2F6W4vM1b5/"}}
{"timestamp":"2026-06-16T01:38:13.291Z","slug":"instagram","payload":{"url":"https://www.instagram.com/reel/C2F6W4vM1b5/"}}
{"timestamp":"2026-06-16T01:40:34.995Z","slug":"test","payload":{"url":"https://www.instagram.com/reel/C2F6W4vM1b5/"}}
{"timestamp":"2026-06-16T01:40:36.210Z","slug":"instagram","payload":{"url":"https://www.instagram.com/reel/C2F6W4vM1b5/"}}
{"timestamp":"2026-06-16T01:41:22.279Z","slug":"instagram","payload":{"url":"https://www.instagram.com/p/DXeVdgKSiUu/"}}
{"timestamp":"2026-06-16T01:41:30.855Z","slug":"test","payload":{"url":"https://www.instagram.com/p/DXeVdgKSiUu/"}}
{"timestamp":"2026-06-16T01:41:36.943Z","slug":"test","payload":{"url":"https://www.instagram.com/p/DXeVdgKSiUu/"}}
{"timestamp":"2026-06-16T01:41:45.184Z","slug":"tiktok","payload":{"url":"https://www.instagram.com/p/DXeVdgKSiUu/"}}
{"timestamp":"2026-06-16T01:41:53.279Z","slug":"instagram","payload":{"url":"https://www.instagram.com/p/DXeVdgKSiUu/"}}
{"timestamp":"2026-06-16T01:42:55.251Z","slug":"test","payload":{"url":"https://www.instagram.com/reel/C2F6W4vM1b5/"}}
{"timestamp":"2026-06-16T01:42:56.304Z","slug":"instagram","payload":{"url":"https://www.instagram.com/reel/C2F6W4vM1b5/"}}
{"timestamp":"2026-06-16T01:48:49.528Z","slug":"test","payload":{"url":"https://www.instagram.com/reel/C2F6W4vM1b5/"}}
{"timestamp":"2026-06-16T01:48:58.542Z","slug":"instagram","payload":{"url":"https://www.instagram.com/reel/C2F6W4vM1b5/"}}
{"timestamp":"2026-06-16T02:04:30.417Z","slug":"test","payload":{"url":"https://www.instagram.com/p/DXeVdgKSiUu/"}}
{"timestamp":"2026-06-16T02:05:37.650Z","slug":"test","payload":{"url":"https://www.instagram.com/reel/C2F6W4vM1b5/"}}
{"timestamp":"2026-06-16T02:05:47.042Z","slug":"instagram","payload":{"url":"https://www.instagram.com/reel/C2F6W4vM1b5/"}}
{"timestamp":"2026-06-16T02:08:44.672Z","slug":"test","payload":{"url":"https://www.instagram.com/p/DXeVdgKSiUu/"}}
{"timestamp":"2026-06-16T02:09:36.807Z","slug":"instagram","payload":{"url":"https://www.instagram.com/p/DXeVdgKSiUu/"}}
{"timestamp":"2026-06-16T02:11:39.855Z","slug":"test","payload":{"url":"https://www.instagram.com/p/DXeVdgKSiUu/"}}
{"timestamp":"2026-06-16T02:11:46.960Z","slug":"instagram","payload":{"url":"https://www.instagram.com/p/DXeVdgKSiUu/"}}
{"timestamp":"2026-06-16T02:24:17.600Z","slug":"instagram","payload":{"url":"https://www.instagram.com/p/DXeVdgKSiUu/"}}
{"timestamp":"2026-06-16T03:47:47.276Z","slug":"iqsaved","payload":{"url":"https://www.instagram.com/p/DXeVdgKSiUu/"}}
{"timestamp":"2026-06-16T08:54:06.999Z","slug":"iqsaved","payload":{"url":"https://www.instagram.com/p/DXeVdgKSiUu/"}}
{"timestamp":"2026-06-16T09:02:03.664Z","slug":"instagram","payload":{"url":"https://iqsaved.com/id/download-posts/DXeVdgKSiUu/"}}
{"timestamp":"2026-06-16T09:24:02.994Z","slug":"youtube","payload":{"url":"https://www.youtube.com/watch?v=dQw4w9WgXcQ"}}
{"timestamp":"2026-06-16T09:35:23.741Z","slug":"youtube","payload":{"url":"https://www.youtube.com/watch?v=8n19TPj1v6U"}}
{"timestamp":"2026-06-16T09:36:45.898Z","slug":"youtube","payload":{"url":"https://www.youtube.com/watch?v=dQw4w9WgXcQ"}}
{"timestamp":"2026-06-16T09:37:17.062Z","slug":"youtube","payload":{"url":"https://www.youtube.com/watch?v=8n19TPj1v6U"}}
{"timestamp":"2026-06-16T09:37:40.470Z","slug":"youtube","payload":{}}
{"timestamp":"2026-06-16T09:37:49.187Z","slug":"youtube","payload":{"url":"https://www.youtube.com/watch?v=8n19TPj1v6U"}}
{"timestamp":"2026-06-16T09:51:13.851Z","slug":"youtube","payload":{"url":"https://www.youtube.com/watch?v=dQw4w9WgXcQ"}}
{"timestamp":"2026-06-16T09:51:24.393Z","slug":"youtube","payload":{"url":"https://www.youtube.com/watch?v=8n19TPj1v6U"}}
{"timestamp":"2026-06-16T09:51:56.731Z","slug":"youtube","payload":{"url":"https://www.youtube.com/watch?v=8n19TPj1v6U"}}
{"timestamp":"2026-06-16T10:01:03.392Z","slug":"spotify","payload":{"url":"https://open.spotify.com/track/2j1fFjWHCI9KJSwcuYAOyF"}}
{"timestamp":"2026-06-16T10:06:53.485Z","slug":"spotify","payload":{"url":"https://open.spotify.com/track/2j1fFjWHCI9KJSwcuYAOyF"}}
{"timestamp":"2026-06-16T10:07:10.547Z","slug":"spotify","payload":{}}
{"timestamp":"2026-06-16T10:07:20.534Z","slug":"spotify","payload":{"url":"https://open.spotify.com/track/2j1fFjWHCI9KJSwcuYAOyF"}}
{"timestamp":"2026-06-16T10:17:24.065Z","slug":"soundcloud","payload":{"url":"https://soundcloud.com/user-350247217/dewa19-ft-virzha-cintakan?si=3836ea189f244bfd9355c5c40f56b847"}}
{"timestamp":"2026-06-16T10:18:26.572Z","slug":"soundcloud","payload":{"url":"https://soundcloud.com/user-350247217/dewa19-ft-virzha-cintakan?si=3836ea189f244bfd9355c5c40f56b847"}}
{"timestamp":"2026-06-16T10:18:48.581Z","slug":"soundcloud","payload":{"url":"https://soundcloud.com/user-350247217/dewa19-ft-virzha-cintakan?si=3836ea189f244bfd9355c5c40f56b847"}}
{"timestamp":"2026-06-16T10:29:23.667Z","slug":"x","payload":{"url":"https://x.com/hiro1233548/status/2066776236693803197?s=20"}}
{"timestamp":"2026-06-16T10:30:30.859Z","slug":"x","payload":{"url":"https://x.com/hiro1233548/status/2066776236693803197?s=20"}}
{"timestamp":"2026-06-16T10:34:10.919Z","slug":"threads","payload":{"url":"https://www.threads.net/@tukuafterrunning/post/DZoULTBE2_i"}}
{"timestamp":"2026-06-16T10:44:14.017Z","slug":"threads","payload":{"url":"https://www.threads.com/@tukuafterrunning/post/DZoULTBE2_i"}}
{"timestamp":"2026-06-16T10:48:12.682Z","slug":"facebook","payload":{"url":"https://www.facebook.com/zha.alshop/videos/ku-rasa-aku-sekarang-lebih-sukaambil-video-yasetelah-di-fb-pro-saat-pulang-libur/2178239252614114/"}}
{"timestamp":"2026-06-16T10:53:20.303Z","slug":"facebook","payload":{"url":" https://www.facebook.com/zha.alshop/videos/ku-rasa-aku-sekarang-lebih-sukaambil-video-yasetelah-di-fb-pro-saat-pulang-libur/2178239252614114/"}}
{"timestamp":"2026-06-16T11:08:44.739Z","slug":"facebook","payload":{"url":"https://www.facebook.com/zha.alshop/videos/ku-rasa-aku-sekarang-lebih-sukaambil-video-yasetelah-di-fb-pro-saat-pulang-libur/2178239252614114/"}}
{"timestamp":"2026-06-16T11:08:52.860Z","slug":"facebook","payload":{"url":"https://www.facebook.com/zha.alshop/videos/ku-rasa-aku-sekarang-lebih-sukaambil-video-yasetelah-di-fb-pro-saat-pulang-libur/2178239252614114/"}}
{"timestamp":"2026-06-16T11:09:01.105Z","slug":"threads","payload":{"url":"https://www.threads.net/@cristiano/post/DFd-fR0oWfM"}}
{"timestamp":"2026-06-16T11:09:08.548Z","slug":"threads","payload":{"url":"https://www.threads.net/@tukuafterrunning/post/DZoULTBE2_i"}}
{"timestamp":"2026-06-16T12:23:39.691Z","slug":"facebook","payload":{"url":"https://www.facebook.com/zha.alshop/videos/ku-rasa-aku-sekarang-lebih-sukaambil-video-yasetelah-di-fb-pro-saat-pulang-libur/2178239252614114/"}}
{"timestamp":"2026-06-16T12:23:56.349Z","slug":"instagram","payload":{"url":"https://www.instagram.com/p/DXeVdgKSiUu/"}}
{"timestamp":"2026-06-16T14:39:16.793Z","slug":"bilibili","payload":{"url":"https://www.bilibili.tv/id/video/4799619896056320"}}
{"timestamp":"2026-06-16T15:15:12.789Z","slug":"bilibili","payload":{"url":"https://www.bilibili.tv/id/video/4799619896056320"}}
{"timestamp":"2026-06-16T15:43:09.789Z","slug":"bilibili","payload":{"url":"https://www.bilibili.tv/id/video/4799619896056320?bstar_from=bstar-web.homepage.trending.all"}}
{"timestamp":"2026-06-16T15:50:45.474Z","slug":"snackvideo","payload":{"url":"https://s.snackvideo.com/p/dwlMd51U"}}
{"timestamp":"2026-06-16T15:51:20.250Z","slug":"snackvideo","payload":{"url":"https://s.snackvideo.com/p/dwlMd51U"}}
{"timestamp":"2026-06-16T15:59:01.093Z","slug":"snackvideo","payload":{"url":"https://s.snackvideo.com/p/dwlMd51U"}}
{"timestamp":"2026-06-16T16:12:11.389Z","slug":"capcut","payload":{"url":"https://www.capcut.com/tv2/ZSmm1R7Sd/"}}
{"timestamp":"2026-06-16T16:17:22.619Z","slug":"capcut","payload":{"url":"https://www.capcut.com/tv2/ZSmm1R7Sd/ jj kece banget"}}
{"timestamp":"2026-06-16T16:23:08.519Z","slug":"cocofun","payload":{"url":"https://coco.fun/share/post/A2KegsxMbh2CaeYwKGK8Kw==?lang=en&pkg=us&share_to=whatsapp&m=bf202807508c091d4ea74db436f966e2&d=c69e0ae6d8fec3cfdf634461f227676021255102b6d21b91d632f8c760494c2b&nt=1"}}
{"timestamp":"2026-06-16T16:24:33.204Z","slug":"cocofun","payload":{"url":"https://coco.fun/share/post/A2KegsxMbh2CaeYwKGK8Kw==?lang=en&pkg=us&share_to=whatsapp&m=bf202807508c091d4ea74db436f966e2&d=c69e0ae6d8fec3cfdf634461f227676021255102b6d21b91d632f8c760494c2b&nt=1"}}
{"timestamp":"2026-06-16T16:28:50.986Z","slug":"douyin","payload":{"url":"https://www.douyin.com/video/7256984651137289483"}}
{"timestamp":"2026-06-16T16:39:34.004Z","slug":"douyin","payload":{"url":"https://www.douyin.com/video/7256984651137289483"}}
{"timestamp":"2026-06-16T16:47:00.361Z","slug":"youtube-community","payload":{"url":"https://www.youtube.com/post/UgkxHU_brINfE3uqhUT_bdhQu-QVNQVIzYKL"}}
{"timestamp":"2026-06-16T22:21:39.726Z","slug":"youtube-community","payload":{"url":"http://youtube.com/post/UgkxHU_brINfE3uqhUT_bdhQu-QVNQVIzYKL?si=LXSX98EhAKJfjDne"}}
{"timestamp":"2026-06-16T22:25:25.280Z","slug":"github","payload":{"url":"https://github.com/pallets/flask"}}
{"timestamp":"2026-06-16T22:28:03.159Z","slug":"github","payload":{"url":"https://github.com/django/django/blob/main/README.rst"}}
{"timestamp":"2026-06-16T22:31:17.868Z","slug":"gdrive","payload":{"url":"https://drive.google.com/file/d/1YTD7Ymux9puFNqu__5WPlYdFZHcGI3Wz/view?usp=drivesdk"}}
{"timestamp":"2026-06-16T22:36:13.498Z","slug":"gdrive","payload":{"url":"https://drive.google.com/file/d/1YTD7Ymux9puFNqu__5WPlYdFZHcGI3Wz/view?usp=drivesdk"}}
{"timestamp":"2026-06-16T22:47:21.223Z","slug":"mediafire","payload":{"url":"https://www.mediafire.com/file/5t5y3qg413s5jym/Example.txt/0"}}
{"timestamp":"2026-06-16T22:59:21.014Z","slug":"mega","payload":{"url":"https://mega.nz/file/3nohFZxK#UPVS6_54O9nZN9IwVQpKitWZDPupT07n3RBjO3cRyOg"}}
{"timestamp":"2026-06-16T22:59:31.190Z","slug":"mega","payload":{"url":"https://mega.nz/file/3nohFZxK#UPVS6_54O9nZN9IwVQpKitWZDPupT07n3RBjO3cRyOg"}}
{"timestamp":"2026-06-16T23:01:29.731Z","slug":"mega","payload":{"url":"https://mega.nz/file/3nohFZxK#UPVS6_54O9nZN9IwVQpKitWZDPupT07n3RBjO3cRyOg"}}
{"timestamp":"2026-06-16T23:01:35.045Z","slug":"mega","payload":{"url":"https://mega.nz/file/3nohFZxK#UPVS6_54O9nZN9IwVQpKitWZDPupT07n3RBjO3cRyOg"}}
{"timestamp":"2026-06-16T23:01:52.694Z","slug":"mega","payload":{"url":"https://mega.nz/file/3nohFZxK#UPVS6_54O9nZN9IwVQpKitWZDPupT07n3RBjO3cRyOg"}}
{"timestamp":"2026-06-16T23:02:42.349Z","slug":"mega","payload":{"url":"https://mega.nz/file/T5pTzQRA#dummy"}}
{"timestamp":"2026-06-16T23:03:28.440Z","slug":"mega","payload":{"url":"https://mega.nz/file/3nohFZxK#UPVS6_54O9nZN9IwVQpKitWZDPupT07n3RBjO3cRyOg"}}
{"timestamp":"2026-06-16T23:10:12.271Z","slug":"mega","payload":{"url":"https://mega.nz/file/3nohFZxK#UPVS8_5409nZN9lwVQpKitWZDPupT07n3RBj03cRy0g"}}
{"timestamp":"2026-06-16T23:12:30.802Z","slug":"mega","payload":{"url":"https://mega.nz/file/3nohFZxK#UPVS6_54O9nZN9IwVQpKitWZDPupT07n3RBjO3cRyOg"}}
{"timestamp":"2026-06-16T23:14:46.956Z","slug":"npm","payload":{"url":"react"}}
{"timestamp":"2026-06-16T23:14:55.757Z","slug":"npm","payload":{"url":"react"}}
{"timestamp":"2026-06-16T23:15:03.040Z","slug":"npm","payload":{"url":"https://www.npmjs.com/package/@babel/core"}}
{"timestamp":"2026-06-16T23:47:42.750Z","slug":"npm","payload":{"url":"https://www.npmjs.com/package/react"}}
{"timestamp":"2026-06-16T23:47:44.785Z","slug":"npm","payload":{"url":"https://www.npmjs.com/package/react"}}
{"timestamp":"2026-06-17T00:01:02.487Z","slug":"pinterest","payload":{"url":"https://www.pinterest.com/pin/687432297127993072/"}}
{"timestamp":"2026-06-17T00:01:07.914Z","slug":"pinterest","payload":{"url":"https://www.pinterest.com/pin/687432297127993072/"}}
{"timestamp":"2026-06-17T00:12:23.192Z","slug":"pinterest","payload":{"url":"https://id.pinterest.com/edwnkrnwn/cewe/"}}
{"timestamp":"2026-06-17T00:21:30.452Z","slug":"pinterest","payload":{"url":"https://id.pinterest.com/edwnkrnwn/cewe/"}}
{"timestamp":"2026-06-17T00:27:25.381Z","slug":"rednote","payload":{"url":"https://www.xiaohongshu.com/discovery/item/63f81c6200000000130321c9?source=webshare&xhsshare=pc_web&xsec_token=ABYPzxHuTxfU-R1GWlAb5e3QaMt9nKrEa4B8Neam-ZpQc=&xsec_source=pc_share"}}
{"timestamp":"2026-06-17T00:28:44.134Z","slug":"rednote","payload":{"url":"https://www.xiaohongshu.com/discovery/item/63f81c6200000000130321c9?source=webshare&xhsshare=pc_web&xsec_token=ABYPzxHuTxfU-R1GWlAb5e3QaMt9nKrEa4B8Neam-ZpQc=&xsec_source=pc_share"}}
{"timestamp":"2026-06-17T00:40:43.872Z","slug":"scribd","payload":{"url":"https://www.scribd.com/embeds/1027776249/content?start_page=1&view_mode=scroll"}}
{"timestamp":"2026-06-17T00:42:43.406Z","slug":"scribd","payload":{"url":"https://www.scribd.com/embeds/1027776249/content?start_page=1&view_mode=scroll"}}
{"timestamp":"2026-06-17T00:52:34.089Z","slug":"scribd","payload":{"url":"https://www.scribd.com/document/1027776249/Mon-Potongo-2024-FullMovie-IBOMMA-Mp4moviez-Filmy4wap"}}
{"timestamp":"2026-06-17T00:54:12.508Z","slug":"scribd","payload":{"url":"https://www.scribd.com/embeds/1027776249/content?start_page=1&view_mode=scroll"}}
{"timestamp":"2026-06-17T00:54:33.316Z","slug":"scribd","payload":{"url":"https://www.scribd.com/embeds/1027776249/content?start_page=1&view_mode=scroll"}}
{"timestamp":"2026-06-17T00:55:38.609Z","slug":"scribd","payload":{"url":"https://www.scribd.com/document/1027776249/Mon-Potongo-2024-FullMovie-IBOMMA-Mp4moviez-Filmy4wap"}}
{"timestamp":"2026-06-17T01:06:46.069Z","slug":"sfile","payload":{"url":"https://sfile.co/agNixA1YkHq"}}
{"timestamp":"2026-06-17T01:08:22.551Z","slug":"sfile","payload":{"url":"https://sfile.co/agNixA1YkHq"}}
{"timestamp":"2026-06-17T01:31:36.850Z","slug":"terabox","payload":{"url":"https://1024terabox.com/s/1etUwLqCoOeuWejxFNJF5xA"}}
{"timestamp":"2026-06-17T03:03:42.272Z","slug":"terabox","payload":{"url":"https://1024terabox.com/s/1etUwLqCoOeuWejxFNJF5xA"}}
